
============================================================
🔮 STEP 1: Text → MIDI Generation
============================================================
   Prompt: "Jazz piano vamp in Cmaj7 with walking bass, 4 bars, 120bpm"
   Generating with music21 ...
   ✅ MIDI generated:
      📄 File: /home/ubuntu/.openclaw/workspace/prototypes/generated/output-mq50stgi-jspbs.mid
      🎯 Size: 0.3 KB
      🎼 Key: C
      ⏱️  Tempo: 120 BPM
      🥁 Time sig: 4/4
      🎹 Style: jazz
      📏 Measures: 4

============================================================
⚙️  STEP 2: MIDI → Tokenized Sequence
============================================================
   ✅ Tokenization complete:
      📄 File: /home/ubuntu/.openclaw/workspace/prototypes/generated/tokenized-mq50stsu-kr5k6.json
      📊 Stats: {"tracks":3,"ticks_per_beat":10080,"total_events":66,"note_count":52}
      🏷️  Tokens: 63
      📦 Sequence: 0.71 KB

   📝 Token Preview (10/63):
      [0] H:10080:3:66:52
      [1] T:0:500000
      [2] K:0:C
      [3] S:0:4/4
      [4] E:10080:0
      [5] P:0:0
      [6] P:0:0
      [7] N:0:60:90:0
      [8] N:0:64:90:0
      [9] N:0:67:90:0

============================================================
🌉 STEP 3: Fleet Bridge I2I Bottle Delivery
============================================================

📮 Fleet bottle dropped: /home/ubuntu/.openclaw/workspace/i2i-vessel/harbor/1780911626720-midi-tokenized-fleet-h9s.json
   → To: fleet (type: DELIVERABLE)
   → ID: midi-bridge-1780911626719-hxwim

📮 Fleet bottle dropped: /home/ubuntu/.openclaw/workspace/i2i-vessel/harbor/1780911626720-midi-tokenized-oracle2-geb.json
   → To: oracle2 (type: CHECKPOINT)
   → ID: midi-bridge-1780911626720-odtnl

============================================================
✅ PIPEINE COMPLETE
============================================================
   📄 MIDI: /home/ubuntu/.openclaw/workspace/prototypes/generated/output-mq50stgi-jspbs.mid
   🔤 Token Sequence: /home/ubuntu/.openclaw/workspace/prototypes/generated/tokenized-mq50stsu-kr5k6.json
   🛰️  I2I Vessel: /home/ubuntu/.openclaw/workspace/i2i-vessel/harbor/
   📊 Stats: 52 notes, 63 tokens
