
============================================================
🔮 STEP 1: Text → MIDI Generation
============================================================
   Prompt: "Fingerstyle acoustic guitar in A, fingerpicking pattern, 90bpm"
   Generating with music21 ...
   ✅ MIDI generated:
      📄 File: /home/ubuntu/.openclaw/workspace/prototypes/generated/output-mq50t1u2-vo4ty.mid
      🎯 Size: 0.4 KB
      🎼 Key: C
      ⏱️  Tempo: 90 BPM
      🥁 Time sig: 4/4
      🎹 Style: jazz
      📏 Measures: 8

============================================================
⚙️  STEP 2: MIDI → Tokenized Sequence
============================================================
   ✅ Tokenization complete:
      📄 File: /home/ubuntu/.openclaw/workspace/prototypes/generated/tokenized-mq50t26i-ues2s.json
      📊 Stats: {"tracks":3,"ticks_per_beat":10080,"total_events":82,"note_count":68}
      🏷️  Tokens: 79
      📦 Sequence: 0.89 KB

   📝 Token Preview (10/79):
      [0] H:10080:3:82:68
      [1] T:0:500000
      [2] K:0:C
      [3] S:0:4/4
      [4] E:10080:0
      [5] P:0:0
      [6] P:0:0
      [7] N:0:60:90:0
      [8] N:0:64:90:0
      [9] N:0:67:90:0

============================================================
🌉 STEP 3: Fleet Bridge I2I Bottle Delivery
============================================================

📮 Fleet bottle dropped: /home/ubuntu/.openclaw/workspace/i2i-vessel/harbor/1780911637580-midi-tokenized-fleet-t17.json
   → To: fleet (type: DELIVERABLE)
   → ID: midi-bridge-1780911637579-a2nz6

📮 Fleet bottle dropped: /home/ubuntu/.openclaw/workspace/i2i-vessel/harbor/1780911637581-midi-tokenized-oracle2-qfz.json
   → To: oracle2 (type: CHECKPOINT)
   → ID: midi-bridge-1780911637581-wav1m

============================================================
✅ PIPEINE COMPLETE
============================================================
   📄 MIDI: /home/ubuntu/.openclaw/workspace/prototypes/generated/output-mq50t1u2-vo4ty.mid
   🔤 Token Sequence: /home/ubuntu/.openclaw/workspace/prototypes/generated/tokenized-mq50t26i-ues2s.json
   🛰️  I2I Vessel: /home/ubuntu/.openclaw/workspace/i2i-vessel/harbor/
   📊 Stats: 68 notes, 79 tokens
