
============================================================
🔮 STEP 1: Text → MIDI Generation
============================================================
   Prompt: "Minor blues in A, 4 bars, 120bpm"
   Generating with music21 ...
   ✅ MIDI generated:
      📄 File: /home/ubuntu/.openclaw/workspace/prototypes/generated/output-mq50su7j-fwg7n.mid
      🎯 Size: 0.2 KB
      🎼 Key: C
      ⏱️  Tempo: 120 BPM
      🥁 Time sig: 4/4
      🎹 Style: blues
      📏 Measures: 4

============================================================
⚙️  STEP 2: MIDI → Tokenized Sequence
============================================================
   ✅ Tokenization complete:
      📄 File: /home/ubuntu/.openclaw/workspace/prototypes/generated/tokenized-mq50sujs-3hscd.json
      📊 Stats: {"tracks":3,"ticks_per_beat":10080,"total_events":38,"note_count":24}
      🏷️  Tokens: 35
      📦 Sequence: 0.39 KB

   📝 Token Preview (10/35):
      [0] H:10080:3:38:24
      [1] T:0:500000
      [2] K:0:C
      [3] S:0:4/4
      [4] E:10080:0
      [5] P:0:0
      [6] P:0:0
      [7] N:0:96:90:0
      [8] F:40320:96:0
      [9] N:0:101:90:0

============================================================
🌉 STEP 3: Fleet Bridge I2I Bottle Delivery
============================================================

📮 Fleet bottle dropped: /home/ubuntu/.openclaw/workspace/i2i-vessel/harbor/1780911627690-midi-tokenized-fleet-ovh.json
   → To: fleet (type: DELIVERABLE)
   → ID: midi-bridge-1780911627689-esr3e

📮 Fleet bottle dropped: /home/ubuntu/.openclaw/workspace/i2i-vessel/harbor/1780911627690-midi-tokenized-oracle2-54p.json
   → To: oracle2 (type: CHECKPOINT)
   → ID: midi-bridge-1780911627690-vb9kn

============================================================
✅ PIPEINE COMPLETE
============================================================
   📄 MIDI: /home/ubuntu/.openclaw/workspace/prototypes/generated/output-mq50su7j-fwg7n.mid
   🔤 Token Sequence: /home/ubuntu/.openclaw/workspace/prototypes/generated/tokenized-mq50sujs-3hscd.json
   🛰️  I2I Vessel: /home/ubuntu/.openclaw/workspace/i2i-vessel/harbor/
   📊 Stats: 24 notes, 35 tokens
