
============================================================
🔮 STEP 1: Text → MIDI Generation
============================================================
   Prompt: "Classical string quartet in G major, allegro, 140bpm"
   Generating with music21 ...
   ✅ MIDI generated:
      📄 File: /home/ubuntu/.openclaw/workspace/prototypes/generated/output-mq50swh0-f7ohc.mid
      🎯 Size: 0.4 KB
      🎼 Key: G
      ⏱️  Tempo: 140 BPM
      🥁 Time sig: 4/4
      🎹 Style: classical
      📏 Measures: 8

============================================================
⚙️  STEP 2: MIDI → Tokenized Sequence
============================================================
   ✅ Tokenization complete:
      📄 File: /home/ubuntu/.openclaw/workspace/prototypes/generated/tokenized-mq50swtd-gi0gw.json
      📊 Stats: {"tracks":3,"ticks_per_beat":10080,"total_events":86,"note_count":72}
      🏷️  Tokens: 83
      📦 Sequence: 0.93 KB

   📝 Token Preview (10/83):
      [0] H:10080:3:86:72
      [1] T:0:500000
      [2] K:0:G
      [3] S:0:4/4
      [4] E:10080:0
      [5] P:0:0
      [6] P:0:0
      [7] N:0:60:90:0
      [8] N:0:64:90:0
      [9] N:0:67:90:0

============================================================
🌉 STEP 3: Fleet Bridge I2I Bottle Delivery
============================================================

📮 Fleet bottle dropped: /home/ubuntu/.openclaw/workspace/i2i-vessel/harbor/1780911630627-midi-tokenized-fleet-zlx.json
   → To: fleet (type: DELIVERABLE)
   → ID: midi-bridge-1780911630626-p1rw6

📮 Fleet bottle dropped: /home/ubuntu/.openclaw/workspace/i2i-vessel/harbor/1780911630627-midi-tokenized-oracle2-2fv.json
   → To: oracle2 (type: CHECKPOINT)
   → ID: midi-bridge-1780911630627-bmt7z

============================================================
✅ PIPEINE COMPLETE
============================================================
   📄 MIDI: /home/ubuntu/.openclaw/workspace/prototypes/generated/output-mq50swh0-f7ohc.mid
   🔤 Token Sequence: /home/ubuntu/.openclaw/workspace/prototypes/generated/tokenized-mq50swtd-gi0gw.json
   🛰️  I2I Vessel: /home/ubuntu/.openclaw/workspace/i2i-vessel/harbor/
   📊 Stats: 72 notes, 83 tokens
